{"C:\\Users\\USER\\Desktop\\edu-backend\\dist\\models\\userModel.js": {"path":"C:\\Users\\USER\\Desktop\\edu-backend\\dist\\models\\userModel.js","statementMap":{"0":{"start":{"line":2,"column":22},"end":{"line":4,"column":1}},"1":{"start":{"line":3,"column":4},"end":{"line":3,"column":62}},"2":{"start":{"line":5,"column":0},"end":{"line":5,"column":62}},"3":{"start":{"line":6,"column":19},"end":{"line":6,"column":55}},"4":{"start":{"line":7,"column":23},"end":{"line":7,"column":63}},"5":{"start":{"line":8,"column":17},"end":{"line":8,"column":51}},"6":{"start":{"line":9,"column":17},"end":{"line":26,"column":2}},"7":{"start":{"line":22,"column":24},"end":{"line":22,"column":110}},"8":{"start":{"line":23,"column":12},"end":{"line":23,"column":25}},"9":{"start":{"line":27,"column":16},"end":{"line":27,"column":61}},"10":{"start":{"line":28,"column":0},"end":{"line":28,"column":28}}},"fnMap":{"0":{"name":"(anonymous_0)","decl":{"start":{"line":2,"column":56},"end":{"line":2,"column":57}},"loc":{"start":{"line":2,"column":71},"end":{"line":4,"column":1}},"line":2},"1":{"name":"(anonymous_1)","decl":{"start":{"line":21,"column":8},"end":{"line":21,"column":9}},"loc":{"start":{"line":21,"column":28},"end":{"line":24,"column":9}},"line":21}},"branchMap":{"0":{"loc":{"start":{"line":2,"column":22},"end":{"line":4,"column":1}},"type":"binary-expr","locations":[{"start":{"line":2,"column":23},"end":{"line":2,"column":27}},{"start":{"line":2,"column":31},"end":{"line":2,"column":51}},{"start":{"line":2,"column":56},"end":{"line":4,"column":1}}],"line":2},"1":{"loc":{"start":{"line":3,"column":11},"end":{"line":3,"column":61}},"type":"cond-expr","locations":[{"start":{"line":3,"column":37},"end":{"line":3,"column":40}},{"start":{"line":3,"column":43},"end":{"line":3,"column":61}}],"line":3},"2":{"loc":{"start":{"line":3,"column":12},"end":{"line":3,"column":33}},"type":"binary-expr","locations":[{"start":{"line":3,"column":12},"end":{"line":3,"column":15}},{"start":{"line":3,"column":19},"end":{"line":3,"column":33}}],"line":3}},"s":{"0":1,"1":3,"2":1,"3":1,"4":1,"5":1,"6":1,"7":1,"8":1,"9":1,"10":1},"f":{"0":3,"1":1},"b":{"0":[1,1,1],"1":[0,3],"2":[3,3]},"inputSourceMap":null,"_coverageSchema":"1a1c01bbd47fc00a2c39e90264f33305004495a9","hash":"4873e3d6ef701ed987f2312cd9d9fe56a2f78092"}
}
